\BOOKMARK [1][-]{section.1}{\376\377\000I\000n\000t\000r\000o\000d\000u\000c\000t\000i\000o\000n}{}% 1
\BOOKMARK [2][-]{subsection.1.1}{\376\377\000P\000r\000o\000j\000e\000c\000t\000\040\000S\000p\000e\000c\000i\000f\000i\000c\000a\000t\000i\000o\000n\000s}{section.1}% 2
\BOOKMARK [1][-]{section.2}{\376\377\000C\000a\000c\000h\000e\000\040\000A\000r\000c\000h\000i\000t\000e\000c\000t\000u\000r\000e}{}% 3
\BOOKMARK [2][-]{subsection.2.1}{\376\377\000D\000e\000s\000i\000g\000n\000\040\000S\000p\000e\000c\000i\000f\000i\000c\000a\000t\000i\000o\000n\000s}{section.2}% 4
\BOOKMARK [2][-]{subsection.2.2}{\376\377\000A\000d\000d\000r\000e\000s\000s\000\040\000B\000r\000e\000a\000k\000d\000o\000w\000n}{section.2}% 5
\BOOKMARK [2][-]{subsection.2.3}{\376\377\000C\000a\000c\000h\000e\000\040\000O\000r\000g\000a\000n\000i\000z\000a\000t\000i\000o\000n\000\040\000D\000i\000a\000g\000r\000a\000m}{section.2}% 6
\BOOKMARK [2][-]{subsection.2.4}{\376\377\000C\000a\000c\000h\000e\000\040\000L\000i\000n\000e\000\040\000S\000t\000r\000u\000c\000t\000u\000r\000e}{section.2}% 7
\BOOKMARK [1][-]{section.3}{\376\377\000I\000n\000t\000e\000r\000f\000a\000c\000e\000\040\000S\000p\000e\000c\000i\000f\000i\000c\000a\000t\000i\000o\000n}{}% 8
\BOOKMARK [2][-]{subsection.3.1}{\376\377\000C\000P\000U\000\040\000I\000n\000t\000e\000r\000f\000a\000c\000e}{section.3}% 9
\BOOKMARK [2][-]{subsection.3.2}{\376\377\000M\000e\000m\000o\000r\000y\000\040\000I\000n\000t\000e\000r\000f\000a\000c\000e}{section.3}% 10
\BOOKMARK [1][-]{section.4}{\376\377\000F\000u\000n\000c\000t\000i\000o\000n\000a\000l\000\040\000D\000e\000s\000c\000r\000i\000p\000t\000i\000o\000n}{}% 11
\BOOKMARK [2][-]{subsection.4.1}{\376\377\000C\000a\000c\000h\000e\000\040\000H\000i\000t\000\040\000O\000p\000e\000r\000a\000t\000i\000o\000n\000\040\000\050\0001\000\040\000C\000y\000c\000l\000e\000\051}{section.4}% 12
\BOOKMARK [2][-]{subsection.4.2}{\376\377\000C\000a\000c\000h\000e\000\040\000M\000i\000s\000s\000\040\000O\000p\000e\000r\000a\000t\000i\000o\000n}{section.4}% 13
\BOOKMARK [2][-]{subsection.4.3}{\376\377\000R\000a\000n\000d\000o\000m\000\040\000R\000e\000p\000l\000a\000c\000e\000m\000e\000n\000t\000\040\000P\000o\000l\000i\000c\000y}{section.4}% 14
\BOOKMARK [2][-]{subsection.4.4}{\376\377\000W\000r\000i\000t\000e\000-\000B\000a\000c\000k\000\040\000P\000o\000l\000i\000c\000y}{section.4}% 15
\BOOKMARK [1][-]{section.5}{\376\377\000N\000o\000n\000-\000B\000l\000o\000c\000k\000i\000n\000g\000\040\000A\000r\000c\000h\000i\000t\000e\000c\000t\000u\000r\000e\000\040\000\050\000M\000u\000l\000t\000i\000-\000M\000S\000H\000R\000\051}{}% 16
\BOOKMARK [2][-]{subsection.5.1}{\376\377\000M\000u\000l\000t\000i\000-\000M\000S\000H\000R\000\040\000D\000e\000s\000i\000g\000n}{section.5}% 17
\BOOKMARK [2][-]{subsection.5.2}{\376\377\000M\000S\000H\000R\000\040\000E\000n\000t\000r\000y\000\040\000F\000i\000e\000l\000d\000s}{section.5}% 18
\BOOKMARK [2][-]{subsection.5.3}{\376\377\000N\000o\000n\000-\000B\000l\000o\000c\000k\000i\000n\000g\000\040\000O\000p\000e\000r\000a\000t\000i\000o\000n\000\040\000M\000o\000d\000e\000s}{section.5}% 19
\BOOKMARK [3][-]{subsubsection.5.3.1}{\376\377\000H\000i\000t\000-\000U\000n\000d\000e\000r\000-\000M\000i\000s\000s}{subsection.5.3}% 20
\BOOKMARK [3][-]{subsubsection.5.3.2}{\376\377\000M\000i\000s\000s\000-\000U\000n\000d\000e\000r\000-\000M\000i\000s\000s}{subsection.5.3}% 21
\BOOKMARK [2][-]{subsection.5.4}{\376\377\000M\000S\000H\000R\000\040\000S\000t\000a\000t\000e\000\040\000M\000a\000c\000h\000i\000n\000e}{section.5}% 22
\BOOKMARK [2][-]{subsection.5.5}{\376\377\000C\000o\000n\000f\000l\000i\000c\000t\000\040\000D\000e\000t\000e\000c\000t\000i\000o\000n}{section.5}% 23
\BOOKMARK [2][-]{subsection.5.6}{\376\377\000R\000e\000q\000u\000e\000s\000t\000\040\000H\000a\000n\000d\000l\000i\000n\000g\000\040\000D\000e\000c\000i\000s\000i\000o\000n\000\040\000T\000r\000e\000e}{section.5}% 24
\BOOKMARK [1][-]{section.6}{\376\377\000S\000i\000m\000u\000l\000a\000t\000i\000o\000n\000\040\000R\000e\000s\000u\000l\000t\000s}{}% 25
\BOOKMARK [2][-]{subsection.6.1}{\376\377\000T\000e\000s\000t\000\040\000O\000v\000e\000r\000v\000i\000e\000w}{section.6}% 26
\BOOKMARK [2][-]{subsection.6.2}{\376\377\000P\000e\000r\000f\000o\000r\000m\000a\000n\000c\000e\000\040\000M\000e\000t\000r\000i\000c\000s}{section.6}% 27
\BOOKMARK [2][-]{subsection.6.3}{\376\377\000T\000e\000s\000t\000\040\0009\000:\000\040\000H\000i\000t\000-\000U\000n\000d\000e\000r\000-\000M\000i\000s\000s\000\040\000R\000e\000s\000u\000l\000t\000s}{section.6}% 28
\BOOKMARK [2][-]{subsection.6.4}{\376\377\000T\000e\000s\000t\000\040\0001\0000\000:\000\040\000M\000i\000s\000s\000-\000U\000n\000d\000e\000r\000-\000M\000i\000s\000s\000\040\000R\000e\000s\000u\000l\000t\000s}{section.6}% 29
\BOOKMARK [2][-]{subsection.6.5}{\376\377\000C\000o\000n\000f\000l\000i\000c\000t\000\040\000M\000i\000s\000s\000\040\000D\000e\000m\000o\000n\000s\000t\000r\000a\000t\000i\000o\000n}{section.6}% 30
\BOOKMARK [1][-]{section.7}{\376\377\000I\000m\000p\000l\000e\000m\000e\000n\000t\000a\000t\000i\000o\000n\000\040\000D\000e\000t\000a\000i\000l\000s}{}% 31
\BOOKMARK [2][-]{subsection.7.1}{\376\377\000S\000t\000o\000r\000a\000g\000e\000\040\000A\000r\000r\000a\000y\000s}{section.7}% 32
\BOOKMARK [2][-]{subsection.7.2}{\376\377\000P\000a\000r\000a\000l\000l\000e\000l\000\040\000H\000i\000t\000\040\000D\000e\000t\000e\000c\000t\000i\000o\000n}{section.7}% 33
\BOOKMARK [2][-]{subsection.7.3}{\376\377\000M\000S\000H\000R\000\040\000F\000r\000e\000e\000\040\000E\000n\000t\000r\000y\000\040\000D\000e\000t\000e\000c\000t\000i\000o\000n}{section.7}% 34
\BOOKMARK [2][-]{subsection.7.4}{\376\377\000D\000a\000t\000a\000\040\000S\000i\000z\000e\000\040\000H\000a\000n\000d\000l\000i\000n\000g}{section.7}% 35
\BOOKMARK [1][-]{section.8}{\376\377\000S\000c\000a\000l\000a\000b\000i\000l\000i\000t\000y}{}% 36
\BOOKMARK [2][-]{subsection.8.1}{\376\377\000C\000a\000c\000h\000e\000\040\000S\000i\000z\000e\000\040\000S\000c\000a\000l\000i\000n\000g}{section.8}% 37
\BOOKMARK [2][-]{subsection.8.2}{\376\377\000M\000S\000H\000R\000\040\000D\000e\000p\000t\000h\000\040\000S\000c\000a\000l\000i\000n\000g}{section.8}% 38
\BOOKMARK [1][-]{section.9}{\376\377\000F\000P\000G\000A\000\040\000I\000m\000p\000l\000e\000m\000e\000n\000t\000a\000t\000i\000o\000n}{}% 39
\BOOKMARK [2][-]{subsection.9.1}{\376\377\000T\000a\000r\000g\000e\000t\000\040\000D\000e\000v\000i\000c\000e}{section.9}% 40
\BOOKMARK [2][-]{subsection.9.2}{\376\377\000S\000y\000n\000t\000h\000e\000s\000i\000s\000\040\000T\000o\000p\000\040\000M\000o\000d\000u\000l\000e}{section.9}% 41
\BOOKMARK [1][-]{section.10}{\376\377\000C\000o\000n\000c\000l\000u\000s\000i\000o\000n}{}% 42
\BOOKMARK [2][-]{subsection.10.1}{\376\377\000F\000e\000a\000t\000u\000r\000e\000\040\000S\000u\000m\000m\000a\000r\000y}{section.10}% 43
\BOOKMARK [1][-]{appendix.A}{\376\377\000F\000i\000l\000e\000\040\000S\000t\000r\000u\000c\000t\000u\000r\000e}{}% 44
\BOOKMARK [1][-]{appendix.B}{\376\377\000R\000u\000n\000n\000i\000n\000g\000\040\000S\000i\000m\000u\000l\000a\000t\000i\000o\000n}{}% 45
\BOOKMARK [1][-]{appendix.C}{\376\377\000K\000e\000y\000\040\000S\000i\000m\000u\000l\000a\000t\000i\000o\000n\000\040\000O\000u\000t\000p\000u\000t}{}% 46
