Info: Starting: Create block symbol file (.bsf)
Info: qsys-generate /home/rajinthan/Workspace/Git/Set-Associative-Cache/issp.qsys --block-symbol-file --output-directory=/home/rajinthan/Workspace/Git/Set-Associative-Cache/verilog --family="Cyclone IV E" --part=EP4CE22F17C6
Progress: Loading Set-Associative-Cache/issp.qsys
Progress: Reading input file
Progress: Adding in_system_sources_probes_0 [altera_in_system_sources_probes 25.1]
Progress: Parameterizing module in_system_sources_probes_0
Progress: Building connections
Progress: Parameterizing connections
Progress: Validating
Progress: Done reading input file
Info: qsys-generate succeeded.
Info: Finished: Create block symbol file (.bsf)
Info: 
Info: Starting: Create HDL design files for synthesis
Info: qsys-generate /home/rajinthan/Workspace/Git/Set-Associative-Cache/issp.qsys --synthesis=VERILOG --output-directory=/home/rajinthan/Workspace/Git/Set-Associative-Cache/verilog/synthesis --family="Cyclone IV E" --part=EP4CE22F17C6
Progress: Loading Set-Associative-Cache/issp.qsys
Progress: Reading input file
Progress: Adding in_system_sources_probes_0 [altera_in_system_sources_probes 25.1]
Progress: Parameterizing module in_system_sources_probes_0
Progress: Building connections
Progress: Parameterizing connections
Progress: Validating
Progress: Done reading input file
Info: issp: Generating "issp" for QUARTUS_SYNTH
Info: in_system_sources_probes_0: "issp" instantiated altera_in_system_sources_probes "in_system_sources_probes_0"
Info: issp: Done "issp" with 2 modules, 2 files
Info: qsys-generate succeeded.
Info: Finished: Create HDL design files for synthesis
