Analysis & Synthesis report for Cache
Sat Dec 27 18:55:31 2025
Quartus Prime Version 25.1std.0 Build 1129 10/21/2025 SC Lite Edition


---------------------
; Table of Contents ;
---------------------
  1. Legal Notice
  2. Analysis & Synthesis Summary
  3. Analysis & Synthesis Settings
  4. Parallel Compilation
  5. Analysis & Synthesis Source Files Read
  6. Analysis & Synthesis Resource Usage Summary
  7. Analysis & Synthesis Resource Utilization by Entity
  8. Registers Removed During Synthesis
  9. General Register Statistics
 10. Inverted Register Statistics
 11. Multiplexer Restructuring Statistics (Restructuring Performed)
 12. Port Connectivity Checks: "cache:cache_inst"
 13. Post-Synthesis Netlist Statistics for Top Partition
 14. Elapsed Time Per Partition
 15. Analysis & Synthesis Messages



----------------
; Legal Notice ;
----------------
Copyright (C) 2025  Altera Corporation. All rights reserved.
Your use of Altera Corporation's design tools, logic functions 
and other software and tools, and any partner logic 
functions, and any output files from any of the foregoing 
(including device programming or simulation files), and any 
associated documentation or information are expressly subject 
to the terms and conditions of the Altera Program License 
Subscription Agreement, the Altera Quartus Prime License Agreement,
the Altera IP License Agreement, or other applicable license
agreement, including, without limitation, that your use is for
the sole purpose of programming logic devices manufactured by
Altera and sold by Altera or its authorized distributors.  Please
refer to the Altera Software License Subscription Agreements 
on the Quartus Prime software download page.



+--------------------------------------------------------------------------------------+
; Analysis & Synthesis Summary                                                         ;
+------------------------------------+-------------------------------------------------+
; Analysis & Synthesis Status        ; Successful - Sat Dec 27 18:55:31 2025           ;
; Quartus Prime Version              ; 25.1std.0 Build 1129 10/21/2025 SC Lite Edition ;
; Revision Name                      ; Cache                                           ;
; Top-level Entity Name              ; top_synth                                       ;
; Family                             ; Cyclone IV E                                    ;
; Total logic elements               ; 999                                             ;
;     Total combinational functions  ; 590                                             ;
;     Dedicated logic registers      ; 534                                             ;
; Total registers                    ; 534                                             ;
; Total pins                         ; 14                                              ;
; Total virtual pins                 ; 0                                               ;
; Total memory bits                  ; 0                                               ;
; Embedded Multiplier 9-bit elements ; 0                                               ;
; Total PLLs                         ; 0                                               ;
+------------------------------------+-------------------------------------------------+


+------------------------------------------------------------------------------------------------------------+
; Analysis & Synthesis Settings                                                                              ;
+------------------------------------------------------------------+--------------------+--------------------+
; Option                                                           ; Setting            ; Default Value      ;
+------------------------------------------------------------------+--------------------+--------------------+
; Device                                                           ; EP4CE22F17C6       ;                    ;
; Top-level entity name                                            ; top_synth          ; Cache              ;
; Family name                                                      ; Cyclone IV E       ; Cyclone V          ;
; Use smart compilation                                            ; Off                ; Off                ;
; Enable parallel Assembler and Timing Analyzer during compilation ; On                 ; On                 ;
; Enable compact report table                                      ; Off                ; Off                ;
; Restructure Multiplexers                                         ; Auto               ; Auto               ;
; Create Debugging Nodes for IP Cores                              ; Off                ; Off                ;
; Preserve fewer node names                                        ; On                 ; On                 ;
; Intel FPGA IP Evaluation Mode                                    ; Enable             ; Enable             ;
; Verilog Version                                                  ; Verilog_2001       ; Verilog_2001       ;
; VHDL Version                                                     ; VHDL_1993          ; VHDL_1993          ;
; State Machine Processing                                         ; Auto               ; Auto               ;
; Safe State Machine                                               ; Off                ; Off                ;
; Extract Verilog State Machines                                   ; On                 ; On                 ;
; Extract VHDL State Machines                                      ; On                 ; On                 ;
; Ignore Verilog initial constructs                                ; Off                ; Off                ;
; Iteration limit for constant Verilog loops                       ; 5000               ; 5000               ;
; Iteration limit for non-constant Verilog loops                   ; 250                ; 250                ;
; Add Pass-Through Logic to Inferred RAMs                          ; On                 ; On                 ;
; Infer RAMs from Raw Logic                                        ; On                 ; On                 ;
; Parallel Synthesis                                               ; On                 ; On                 ;
; DSP Block Balancing                                              ; Auto               ; Auto               ;
; NOT Gate Push-Back                                               ; On                 ; On                 ;
; Power-Up Don't Care                                              ; On                 ; On                 ;
; Remove Redundant Logic Cells                                     ; Off                ; Off                ;
; Remove Duplicate Registers                                       ; On                 ; On                 ;
; Ignore CARRY Buffers                                             ; Off                ; Off                ;
; Ignore CASCADE Buffers                                           ; Off                ; Off                ;
; Ignore GLOBAL Buffers                                            ; Off                ; Off                ;
; Ignore ROW GLOBAL Buffers                                        ; Off                ; Off                ;
; Ignore LCELL Buffers                                             ; Off                ; Off                ;
; Ignore SOFT Buffers                                              ; On                 ; On                 ;
; Limit AHDL Integers to 32 Bits                                   ; Off                ; Off                ;
; Optimization Technique                                           ; Balanced           ; Balanced           ;
; Carry Chain Length                                               ; 70                 ; 70                 ;
; Auto Carry Chains                                                ; On                 ; On                 ;
; Auto Open-Drain Pins                                             ; On                 ; On                 ;
; Perform WYSIWYG Primitive Resynthesis                            ; Off                ; Off                ;
; Auto ROM Replacement                                             ; On                 ; On                 ;
; Auto RAM Replacement                                             ; On                 ; On                 ;
; Auto DSP Block Replacement                                       ; On                 ; On                 ;
; Auto Shift Register Replacement                                  ; Auto               ; Auto               ;
; Allow Shift Register Merging across Hierarchies                  ; Auto               ; Auto               ;
; Auto Clock Enable Replacement                                    ; On                 ; On                 ;
; Strict RAM Replacement                                           ; Off                ; Off                ;
; Allow Synchronous Control Signals                                ; On                 ; On                 ;
; Force Use of Synchronous Clear Signals                           ; Off                ; Off                ;
; Auto RAM Block Balancing                                         ; On                 ; On                 ;
; Auto RAM to Logic Cell Conversion                                ; Off                ; Off                ;
; Auto Resource Sharing                                            ; Off                ; Off                ;
; Allow Any RAM Size For Recognition                               ; Off                ; Off                ;
; Allow Any ROM Size For Recognition                               ; Off                ; Off                ;
; Allow Any Shift Register Size For Recognition                    ; Off                ; Off                ;
; Use LogicLock Constraints during Resource Balancing              ; On                 ; On                 ;
; Ignore translate_off and synthesis_off directives                ; Off                ; Off                ;
; Timing-Driven Synthesis                                          ; On                 ; On                 ;
; Report Parameter Settings                                        ; On                 ; On                 ;
; Report Source Assignments                                        ; On                 ; On                 ;
; Report Connectivity Checks                                       ; On                 ; On                 ;
; Ignore Maximum Fan-Out Assignments                               ; Off                ; Off                ;
; Synchronization Register Chain Length                            ; 2                  ; 2                  ;
; Power Optimization During Synthesis                              ; Normal compilation ; Normal compilation ;
; HDL message level                                                ; Level2             ; Level2             ;
; Suppress Register Optimization Related Messages                  ; Off                ; Off                ;
; Number of Removed Registers Reported in Synthesis Report         ; 5000               ; 5000               ;
; Number of Swept Nodes Reported in Synthesis Report               ; 5000               ; 5000               ;
; Number of Inverted Registers Reported in Synthesis Report        ; 100                ; 100                ;
; Clock MUX Protection                                             ; On                 ; On                 ;
; Auto Gated Clock Conversion                                      ; Off                ; Off                ;
; Block Design Naming                                              ; Auto               ; Auto               ;
; SDC constraint protection                                        ; Off                ; Off                ;
; Synthesis Effort                                                 ; Auto               ; Auto               ;
; Shift Register Replacement - Allow Asynchronous Clear Signal     ; On                 ; On                 ;
; Pre-Mapping Resynthesis Optimization                             ; Off                ; Off                ;
; Analysis & Synthesis Message Level                               ; Medium             ; Medium             ;
; Disable Register Merging Across Hierarchies                      ; Auto               ; Auto               ;
; Resource Aware Inference For Block RAM                           ; On                 ; On                 ;
+------------------------------------------------------------------+--------------------+--------------------+


+------------------------------------------+
; Parallel Compilation                     ;
+----------------------------+-------------+
; Processors                 ; Number      ;
+----------------------------+-------------+
; Number detected on machine ; 12          ;
; Maximum allowed            ; 10          ;
;                            ;             ;
; Average used               ; 1.00        ;
; Maximum used               ; 10          ;
;                            ;             ;
; Usage by Processor         ; % Time Used ;
;     Processor 1            ; 100.0%      ;
;     Processor 2            ;   0.1%      ;
;     Processor 3            ;   0.0%      ;
;     Processor 4            ;   0.0%      ;
;     Processor 5            ;   0.0%      ;
;     Processor 6            ;   0.0%      ;
;     Processor 7            ;   0.0%      ;
;     Processor 8            ;   0.0%      ;
;     Processor 9            ;   0.0%      ;
;     Processor 10           ;   0.0%      ;
+----------------------------+-------------+


+-----------------------------------------------------------------------------------------------------------------------------------------------------------------+
; Analysis & Synthesis Source Files Read                                                                                                                          ;
+----------------------------------+-----------------+------------------------+-------------------------------------------------------------------------+---------+
; File Name with User-Entered Path ; Used in Netlist ; File Type              ; File Name with Absolute Path                                            ; Library ;
+----------------------------------+-----------------+------------------------+-------------------------------------------------------------------------+---------+
; verilog/cache.v                  ; yes             ; User Verilog HDL File  ; /home/rajinthan/Workspace/Git/Set-Associative-Cache/verilog/cache.v     ;         ;
; verilog/top_synth.v              ; yes             ; User Verilog HDL File  ; /home/rajinthan/Workspace/Git/Set-Associative-Cache/verilog/top_synth.v ;         ;
+----------------------------------+-----------------+------------------------+-------------------------------------------------------------------------+---------+


+------------------------------------------------------------+
; Analysis & Synthesis Resource Usage Summary                ;
+---------------------------------------------+--------------+
; Resource                                    ; Usage        ;
+---------------------------------------------+--------------+
; Estimated Total logic elements              ; 999          ;
;                                             ;              ;
; Total combinational functions               ; 590          ;
; Logic element usage by number of LUT inputs ;              ;
;     -- 4 input functions                    ; 486          ;
;     -- 3 input functions                    ; 52           ;
;     -- <=2 input functions                  ; 52           ;
;                                             ;              ;
; Logic elements by mode                      ;              ;
;     -- normal mode                          ; 559          ;
;     -- arithmetic mode                      ; 31           ;
;                                             ;              ;
; Total registers                             ; 534          ;
;     -- Dedicated logic registers            ; 534          ;
;     -- I/O registers                        ; 0            ;
;                                             ;              ;
; I/O pins                                    ; 14           ;
;                                             ;              ;
; Embedded Multiplier 9-bit elements          ; 0            ;
;                                             ;              ;
; Maximum fan-out node                        ; clk_50~input ;
; Maximum fan-out                             ; 534          ;
; Total fan-out                               ; 3861         ;
; Average fan-out                             ; 3.35         ;
+---------------------------------------------+--------------+


+------------------------------------------------------------------------------------------------------------------------------------------------------------------------------------------------------------------+
; Analysis & Synthesis Resource Utilization by Entity                                                                                                                                                              ;
+----------------------------+---------------------+---------------------------+-------------+--------------+---------+-----------+------+--------------+-----------------------------+-------------+--------------+
; Compilation Hierarchy Node ; Combinational ALUTs ; Dedicated Logic Registers ; Memory Bits ; DSP Elements ; DSP 9x9 ; DSP 18x18 ; Pins ; Virtual Pins ; Full Hierarchy Name         ; Entity Name ; Library Name ;
+----------------------------+---------------------+---------------------------+-------------+--------------+---------+-----------+------+--------------+-----------------------------+-------------+--------------+
; |top_synth                 ; 590 (60)            ; 534 (46)                  ; 0           ; 0            ; 0       ; 0         ; 14   ; 0            ; |top_synth                  ; top_synth   ; work         ;
;    |cache:cache_inst|      ; 530 (530)           ; 488 (488)                 ; 0           ; 0            ; 0       ; 0         ; 0    ; 0            ; |top_synth|cache:cache_inst ; cache       ; work         ;
+----------------------------+---------------------+---------------------------+-------------+--------------+---------+-----------+------+--------------+-----------------------------+-------------+--------------+
Note: For table entries with two numbers listed, the numbers in parentheses indicate the number of resources of the given type used by the specific entity alone. The numbers listed outside of parentheses indicate the total resources of the given type used by the specific entity and all of its sub-entities in the hierarchy.


+---------------------------------------------------------------------------------+
; Registers Removed During Synthesis                                              ;
+----------------------------------------+----------------------------------------+
; Register name                          ; Reason for Removal                     ;
+----------------------------------------+----------------------------------------+
; cache:cache_inst|mshr_victim[5]        ; Stuck at GND due to stuck port data_in ;
; hit_cnt[4..7]                          ; Lost fanout                            ;
; miss_cnt[4..7]                         ; Lost fanout                            ;
; cnt[13..19]                            ; Lost fanout                            ;
; Total Number of Removed Registers = 16 ;                                        ;
+----------------------------------------+----------------------------------------+


+------------------------------------------------------+
; General Register Statistics                          ;
+----------------------------------------------+-------+
; Statistic                                    ; Value ;
+----------------------------------------------+-------+
; Total registers                              ; 534   ;
; Number of registers using Synchronous Clear  ; 12    ;
; Number of registers using Synchronous Load   ; 6     ;
; Number of registers using Asynchronous Clear ; 132   ;
; Number of registers using Asynchronous Load  ; 0     ;
; Number of registers using Clock Enable       ; 430   ;
; Number of registers using Preset             ; 0     ;
+----------------------------------------------+-------+


+--------------------------------------------------+
; Inverted Register Statistics                     ;
+----------------------------------------+---------+
; Inverted Register                      ; Fan out ;
+----------------------------------------+---------+
; cache:cache_inst|cpu_req_ready         ; 5       ;
; cache:cache_inst|lfsr[0]               ; 23      ;
; cache:cache_inst|lfsr[15]              ; 1       ;
; cache:cache_inst|lfsr[13]              ; 2       ;
; cache:cache_inst|lfsr[10]              ; 2       ;
; cache:cache_inst|lfsr[11]              ; 1       ;
; cache:cache_inst|lfsr[7]               ; 1       ;
; cache:cache_inst|lfsr[6]               ; 1       ;
; cache:cache_inst|lfsr[5]               ; 1       ;
; Total number of inverted registers = 9 ;         ;
+----------------------------------------+---------+


+----------------------------------------------------------------------------------------------------------------------------------------------------------+
; Multiplexer Restructuring Statistics (Restructuring Performed)                                                                                           ;
+--------------------+-----------+---------------+----------------------+------------------------+------------+--------------------------------------------+
; Multiplexer Inputs ; Bus Width ; Baseline Area ; Area if Restructured ; Saving if Restructured ; Registered ; Example Multiplexer Output                 ;
+--------------------+-----------+---------------+----------------------+------------------------+------------+--------------------------------------------+
; 4:1                ; 2 bits    ; 4 LEs         ; 2 LEs                ; 2 LEs                  ; Yes        ; |top_synth|cpu_req_addr[7]                 ;
; 3:1                ; 6 bits    ; 12 LEs        ; 6 LEs                ; 6 LEs                  ; Yes        ; |top_synth|mem_delay[5]                    ;
; 4:1                ; 2 bits    ; 4 LEs         ; 4 LEs                ; 0 LEs                  ; Yes        ; |top_synth|cache:cache_inst|cpu_resp_valid ;
; 8:1                ; 48 bits   ; 240 LEs       ; 240 LEs              ; 0 LEs                  ; No         ; |top_synth|cache:cache_inst|Mux33          ;
; 8:1                ; 4 bits    ; 20 LEs        ; 20 LEs               ; 0 LEs                  ; No         ; |top_synth|cache:cache_inst|Mux32          ;
+--------------------+-----------+---------------+----------------------+------------------------+------------+--------------------------------------------+


+---------------------------------------------------------------------------------------------------------------------------+
; Port Connectivity Checks: "cache:cache_inst"                                                                              ;
+-----------------+--------+----------+-------------------------------------------------------------------------------------+
; Port            ; Type   ; Severity ; Details                                                                             ;
+-----------------+--------+----------+-------------------------------------------------------------------------------------+
; cpu_req_size[1] ; Input  ; Info     ; Stuck at VCC                                                                        ;
; cpu_req_size[0] ; Input  ; Info     ; Stuck at GND                                                                        ;
; cpu_resp_rdata  ; Output ; Info     ; Connected to dangling logic. Logic that only feeds a dangling port will be removed. ;
; mem_req_rw      ; Output ; Info     ; Connected to dangling logic. Logic that only feeds a dangling port will be removed. ;
; mem_req_wdata   ; Output ; Info     ; Connected to dangling logic. Logic that only feeds a dangling port will be removed. ;
+-----------------+--------+----------+-------------------------------------------------------------------------------------+


+-----------------------------------------------------+
; Post-Synthesis Netlist Statistics for Top Partition ;
+-----------------------+-----------------------------+
; Type                  ; Count                       ;
+-----------------------+-----------------------------+
; boundary_port         ; 14                          ;
; cycloneiii_ff         ; 534                         ;
;     CLR               ; 104                         ;
;     ENA               ; 402                         ;
;     ENA CLR           ; 10                          ;
;     ENA CLR SCLR      ; 12                          ;
;     ENA CLR SLD       ; 6                           ;
; cycloneiii_lcell_comb ; 591                         ;
;     arith             ; 31                          ;
;         2 data inputs ; 28                          ;
;         3 data inputs ; 3                           ;
;     normal            ; 560                         ;
;         0 data inputs ; 1                           ;
;         1 data inputs ; 16                          ;
;         2 data inputs ; 8                           ;
;         3 data inputs ; 49                          ;
;         4 data inputs ; 486                         ;
;                       ;                             ;
; Max LUT depth         ; 10.00                       ;
; Average LUT depth     ; 7.15                        ;
+-----------------------+-----------------------------+


+-------------------------------+
; Elapsed Time Per Partition    ;
+----------------+--------------+
; Partition Name ; Elapsed Time ;
+----------------+--------------+
; Top            ; 00:00:01     ;
+----------------+--------------+


+-------------------------------+
; Analysis & Synthesis Messages ;
+-------------------------------+
Info: *******************************************************************
Info: Running Quartus Prime Analysis & Synthesis
    Info: Version 25.1std.0 Build 1129 10/21/2025 SC Lite Edition
    Info: Processing started: Sat Dec 27 18:55:26 2025
Info: Command: quartus_map --read_settings_files=on --write_settings_files=off Cache -c Cache
Warning (18236): Number of processors has not been specified which may cause overloading on shared machines.  Set the global assignment NUM_PARALLEL_PROCESSORS in your QSF to an appropriate value for best performance.
Info (20030): Parallel compilation is enabled and will use 10 of the 10 processors detected
Info (12021): Found 1 design units, including 1 entities, in source file verilog/tb_cache.v
    Info (12023): Found entity 1: tb_cache File: /home/rajinthan/Workspace/Git/Set-Associative-Cache/verilog/tb_cache.v Line: 2
Info (12021): Found 1 design units, including 1 entities, in source file verilog/cache.v
    Info (12023): Found entity 1: cache File: /home/rajinthan/Workspace/Git/Set-Associative-Cache/verilog/cache.v Line: 3
Info (12021): Found 1 design units, including 1 entities, in source file verilog/top_synth.v
    Info (12023): Found entity 1: top_synth File: /home/rajinthan/Workspace/Git/Set-Associative-Cache/verilog/top_synth.v Line: 2
Info (12127): Elaborating entity "top_synth" for the top level hierarchy
Warning (10230): Verilog HDL assignment warning at top_synth.v(47): truncated value with size 32 to match size of target (20) File: /home/rajinthan/Workspace/Git/Set-Associative-Cache/verilog/top_synth.v Line: 47
Warning (10230): Verilog HDL assignment warning at top_synth.v(58): truncated value with size 32 to match size of target (20) File: /home/rajinthan/Workspace/Git/Set-Associative-Cache/verilog/top_synth.v Line: 58
Warning (10230): Verilog HDL assignment warning at top_synth.v(65): truncated value with size 32 to match size of target (8) File: /home/rajinthan/Workspace/Git/Set-Associative-Cache/verilog/top_synth.v Line: 65
Warning (10230): Verilog HDL assignment warning at top_synth.v(67): truncated value with size 32 to match size of target (8) File: /home/rajinthan/Workspace/Git/Set-Associative-Cache/verilog/top_synth.v Line: 67
Warning (10240): Verilog HDL Always Construct warning at top_synth.v(35): inferring latch(es) for variable "cpu_req_size", which holds its previous value in one or more paths through the always construct File: /home/rajinthan/Workspace/Git/Set-Associative-Cache/verilog/top_synth.v Line: 35
Warning (10230): Verilog HDL assignment warning at top_synth.v(94): truncated value with size 32 to match size of target (6) File: /home/rajinthan/Workspace/Git/Set-Associative-Cache/verilog/top_synth.v Line: 94
Info (10041): Inferred latch for "cpu_req_size[0]" at top_synth.v(35) File: /home/rajinthan/Workspace/Git/Set-Associative-Cache/verilog/top_synth.v Line: 35
Info (10041): Inferred latch for "cpu_req_size[1]" at top_synth.v(35) File: /home/rajinthan/Workspace/Git/Set-Associative-Cache/verilog/top_synth.v Line: 35
Info (12128): Elaborating entity "cache" for hierarchy "cache:cache_inst" File: /home/rajinthan/Workspace/Git/Set-Associative-Cache/verilog/top_synth.v Line: 119
Warning (10036): Verilog HDL or VHDL warning at cache.v(44): object "mshr_set" assigned a value but never read File: /home/rajinthan/Workspace/Git/Set-Associative-Cache/verilog/cache.v Line: 44
Warning (10230): Verilog HDL assignment warning at cache.v(175): truncated value with size 32 to match size of target (6) File: /home/rajinthan/Workspace/Git/Set-Associative-Cache/verilog/cache.v Line: 175
Warning (10230): Verilog HDL assignment warning at cache.v(179): truncated value with size 17 to match size of target (15) File: /home/rajinthan/Workspace/Git/Set-Associative-Cache/verilog/cache.v Line: 179
Warning (10240): Verilog HDL Always Construct warning at cache.v(76): inferring latch(es) for variable "i", which holds its previous value in one or more paths through the always construct File: /home/rajinthan/Workspace/Git/Set-Associative-Cache/verilog/cache.v Line: 76
Info (13000): Registers with preset signals will power-up high File: /home/rajinthan/Workspace/Git/Set-Associative-Cache/verilog/cache.v Line: 11
Info (13003): DEV_CLRn pin will set, and not reset, register with preset signal due to NOT Gate Push-Back
Info (286030): Timing-Driven Synthesis is running
Info (17049): 15 registers lost all their fanouts during netlist optimizations.
Info (16010): Generating hard_block partition "hard_block:auto_generated_inst"
    Info (16011): Adding 0 node(s), including 0 DDIO, 0 PLL, 0 transceiver and 0 LCELL
Info (21057): Implemented 1014 device resources after synthesis - the final resource count might be different
    Info (21058): Implemented 6 input pins
    Info (21059): Implemented 8 output pins
    Info (21061): Implemented 1000 logic cells
Info: Quartus Prime Analysis & Synthesis was successful. 0 errors, 11 warnings
    Info: Peak virtual memory: 475 megabytes
    Info: Processing ended: Sat Dec 27 18:55:31 2025
    Info: Elapsed time: 00:00:05
    Info: Total CPU time (on all processors): 00:00:12


